 2026-06-18 15:38:48,481 |INFO | 1 change detected 
 2026-06-18 15:39:02,226 |INFO | START | GET |/agents  
 2026-06-18 15:39:02,282 |INFO | END | GET | /agents | status=200  
 2026-06-18 15:39:02,321 |INFO | 1 change detected 
 2026-06-18 15:39:16,540 |INFO | START | GET |/agents  
 2026-06-18 15:39:16,605 |INFO | END | GET | /agents | status=200  
 2026-06-18 15:39:29,472 |INFO | START | POST |/agents  
 2026-06-18 15:39:29,474 |INFO | Create new_agent : data name='string' specialty='string' is_active=True completed_missions=0 failed_missions=0 agent_rank='Junior' 
 2026-06-18 15:39:29,568 |INFO | Agent create succesfully : data {'name': 'string', 'specialty': 'string', 'is_active': True, 'completed_missions': 0, 'failed_missions': 0, 'agent_rank': 'Junior'} create succesfully 
 2026-06-18 15:39:29,570 |INFO | END | POST | /agents | status=201  
 2026-06-18 15:39:56,522 |INFO | START | PUT |/agents/8  
 2026-06-18 15:39:56,523 |INFO | Update the agent 8 
 2026-06-18 15:39:56,638 |ERROR | Update failed 
 2026-06-18 15:39:56,639 |INFO | END | PUT | /agents/8 | status=400  
 2026-06-18 15:40:19,952 |INFO | START | PUT |/agents/8  
 2026-06-18 15:40:19,953 |INFO | Update the agent 8 
 2026-06-18 15:40:20,134 |INFO | Agent update succesfully id : 8 , rowcont : True 
 2026-06-18 15:40:20,135 |INFO | END | PUT | /agents/8 | status=200  
 2026-06-18 15:40:37,607 |INFO | START | GET |/agents/10  
 2026-06-18 15:40:37,608 |INFO | Try to find agent by id : 10 
 2026-06-18 15:40:37,665 |ERROR | Agent id 10 not found 
 2026-06-18 15:40:37,666 |INFO | END | GET | /agents/10 | status=404  
 2026-06-18 15:40:42,759 |INFO | START | GET |/agents/1  
 2026-06-18 15:40:42,760 |INFO | Try to find agent by id : 1 
 2026-06-18 15:40:42,813 |INFO | END | GET | /agents/1 | status=200  
 2026-06-18 15:41:18,457 |INFO | START | PUT |/agents/6/deactivate  
 2026-06-18 15:41:18,459 |INFO | Deactivate agent 6 
 2026-06-18 15:41:18,576 |INFO | Deactivate succesfully : Deactivate agent 6 successfuly 
 2026-06-18 15:41:18,577 |INFO | END | PUT | /agents/6/deactivate | status=200  
 2026-06-18 15:41:50,814 |INFO | START | PUT |/agents/1100/deactivate  
 2026-06-18 15:41:50,815 |INFO | Deactivate agent 1100 
 2026-06-18 15:41:50,875 |ERROR | Agent 1100 not fond  
 2026-06-18 15:41:50,876 |INFO | END | PUT | /agents/1100/deactivate | status=404  
 2026-06-18 15:41:58,021 |INFO | START | GET |/agents/1/performance  
 2026-06-18 15:41:58,022 |INFO | Try to get performance agent 1 
 2026-06-18 15:41:58,081 |INFO | Performance catch succeuflly  
 2026-06-18 15:41:58,082 |INFO | END | GET | /agents/1/performance | status=200  
 2026-06-18 15:42:08,505 |INFO | START | GET |/agents/100/performance  
 2026-06-18 15:42:08,506 |INFO | Try to get performance agent 100 
 2026-06-18 15:42:08,563 |ERROR | Agent 100 not found  
 2026-06-18 15:42:08,564 |INFO | END | GET | /agents/100/performance | status=404  
 2026-06-18 15:44:24,294 |INFO | START | GET |/docs  
 2026-06-18 15:44:24,297 |INFO | END | GET | /docs | status=200  
 2026-06-18 15:44:24,456 |INFO | START | GET |/openapi.json  
 2026-06-18 15:44:24,504 |INFO | END | GET | /openapi.json | status=200  
 2026-06-18 15:45:30,030 |INFO | START | GET |/reports/summary  
 2026-06-18 15:45:30,034 |INFO | Start to catch all reports 
 2026-06-18 15:45:30,371 |INFO | END | GET | /reports/summary | status=200  
 2026-06-18 15:45:44,487 |INFO | START | GET |/reports/missions-by-status  
 2026-06-18 15:45:44,488 |INFO | start to get all missions by status 
 2026-06-18 15:45:44,547 |INFO | END | GET | /reports/missions-by-status | status=200  
 2026-06-18 15:45:54,866 |INFO | START | GET |/reports/top-agent  
 2026-06-18 15:45:54,868 |INFO | Start to get the top agent  
 2026-06-18 15:45:54,923 |INFO | END | GET | /reports/top-agent | status=200  
 2026-06-18 16:01:54,989 |INFO | START | GET |/missions  
 2026-06-18 16:01:55,056 |INFO | END | GET | /missions | status=200  
 2026-06-18 16:02:08,245 |INFO | START | POST |/missions  
 2026-06-18 16:02:08,247 |INFO | Calculed risk_level from data 
 2026-06-18 16:02:08,248 |INFO | risk is 3  
 2026-06-18 16:02:08,248 |INFO | Create mission with risk , data : {'title': 'string', 'description': 'string', 'location': 'string', 'difficulty': 1, 'importance': 1, 'risk_level': 'LOW'} 
 2026-06-18 16:02:08,331 |INFO | Mission create succesfully , {'message': "data {'title': 'string', 'description': 'string', 'location': 'string', 'difficulty': 1, 'importance': 1, 'risk_level': 'LOW'} create succesfully", 'MissionId': 8} 
 2026-06-18 16:02:08,333 |INFO | END | POST | /missions | status=201  
 2026-06-18 16:02:18,221 |INFO | START | POST |/missions  
 2026-06-18 16:02:18,222 |INFO | END | POST | /missions | status=422  
 2026-06-18 16:03:14,540 |INFO | START | POST |/missions  
 2026-06-18 16:03:14,542 |INFO | END | POST | /missions | status=422  
 2026-06-18 16:03:24,800 |INFO | START | POST |/missions  
 2026-06-18 16:03:24,802 |INFO | END | POST | /missions | status=422  
 2026-06-18 16:04:07,918 |INFO | START | GET |/missions/100  
 2026-06-18 16:04:07,988 |ERROR | Mission Id : 100 not found 
 2026-06-18 16:04:07,989 |INFO | END | GET | /missions/100 | status=404  
 2026-06-18 16:04:45,723 |INFO | START | PUT |/missions/100/assign/1  
 2026-06-18 16:04:45,725 |INFO | Try to assign mission , mission id 100 | agent_id 1 
 2026-06-18 16:04:45,850 |ERROR | mission id 100 not found 
 2026-06-18 16:04:45,851 |INFO | END | PUT | /missions/100/assign/1 | status=404  
 2026-06-18 16:04:51,525 |INFO | START | PUT |/missions/1/assign/1100  
 2026-06-18 16:04:51,527 |INFO | Try to assign mission , mission id 1 | agent_id 1100 
 2026-06-18 16:04:51,653 |ERROR | agent id 1100 not found 
 2026-06-18 16:04:51,655 |INFO | END | PUT | /missions/1/assign/1100 | status=404  
 2026-06-18 16:05:07,697 |INFO | START | PUT |/missions/1/assign/2  
 2026-06-18 16:05:07,698 |INFO | Try to assign mission , mission id 1 | agent_id 2 
 2026-06-18 16:05:07,824 |ERROR | Mission is not new 
 2026-06-18 16:05:07,825 |INFO | END | PUT | /missions/1/assign/2 | status=400  
 2026-06-18 16:05:27,869 |INFO | START | PUT |/missions/5/assign/2  
 2026-06-18 16:05:27,870 |INFO | Try to assign mission , mission id 5 | agent_id 2 
 2026-06-18 16:05:27,982 |INFO | Verifie if agent 2 don't have more > 3 missions 
 2026-06-18 16:05:28,102 |INFO | agent 2 assigned mission 5 succesfuly 
 2026-06-18 16:05:28,103 |INFO | END | PUT | /missions/5/assign/2 | status=200  
 2026-06-18 16:05:35,677 |INFO | START | PUT |/missions/5/assign/1  
 2026-06-18 16:05:35,678 |INFO | Try to assign mission , mission id 5 | agent_id 1 
 2026-06-18 16:05:35,793 |ERROR | Mission is not new 
 2026-06-18 16:05:35,794 |INFO | END | PUT | /missions/5/assign/1 | status=400  
 2026-06-18 16:05:41,604 |INFO | START | PUT |/missions/6/assign/1  
 2026-06-18 16:05:41,605 |INFO | Try to assign mission , mission id 6 | agent_id 1 
 2026-06-18 16:05:41,719 |ERROR | Mission is not new 
 2026-06-18 16:05:41,721 |INFO | END | PUT | /missions/6/assign/1 | status=400  
 2026-06-18 16:05:46,655 |INFO | START | PUT |/missions/6/assign/2  
 2026-06-18 16:05:46,656 |INFO | Try to assign mission , mission id 6 | agent_id 2 
 2026-06-18 16:05:46,782 |ERROR | Mission is not new 
 2026-06-18 16:05:46,783 |INFO | END | PUT | /missions/6/assign/2 | status=400  
 2026-06-18 16:05:53,628 |INFO | START | PUT |/missions/8/assign/1  
 2026-06-18 16:05:53,629 |INFO | Try to assign mission , mission id 8 | agent_id 1 
 2026-06-18 16:05:53,741 |ERROR | agent 1 is inactive 
 2026-06-18 16:05:53,742 |INFO | END | PUT | /missions/8/assign/1 | status=400  
 2026-06-18 16:06:05,478 |INFO | START | PUT |/missions/8/assign/2  
 2026-06-18 16:06:05,479 |INFO | Try to assign mission , mission id 8 | agent_id 2 
 2026-06-18 16:06:05,593 |INFO | Verifie if agent 2 don't have more > 3 missions 
 2026-06-18 16:06:05,711 |INFO | agent 2 assigned mission 8 succesfuly 
 2026-06-18 16:06:05,713 |INFO | END | PUT | /missions/8/assign/2 | status=200  
 2026-06-18 16:06:09,856 |INFO | START | PUT |/missions/9/assign/2  
 2026-06-18 16:06:09,857 |INFO | Try to assign mission , mission id 9 | agent_id 2 
 2026-06-18 16:06:09,982 |ERROR | mission id 9 not found 
 2026-06-18 16:06:09,984 |INFO | END | PUT | /missions/9/assign/2 | status=404  
 2026-06-18 16:06:14,150 |INFO | START | PUT |/missions/7/assign/2  
 2026-06-18 16:06:14,151 |INFO | Try to assign mission , mission id 7 | agent_id 2 
 2026-06-18 16:06:14,265 |ERROR | Mission is not new 
 2026-06-18 16:06:14,266 |INFO | END | PUT | /missions/7/assign/2 | status=400  
 2026-06-18 16:06:20,266 |INFO | START | PUT |/missions/4/assign/2  
 2026-06-18 16:06:20,267 |INFO | Try to assign mission , mission id 4 | agent_id 2 
 2026-06-18 16:06:20,378 |INFO | Verifie if agent 2 don't have more > 3 missions 
 2026-06-18 16:06:20,433 |ERROR | Agent 2 has 3 
 2026-06-18 16:06:20,434 |INFO | END | PUT | /missions/4/assign/2 | status=400  
 2026-06-18 16:06:43,777 |INFO | START | POST |/missions  
 2026-06-18 16:06:43,778 |INFO | Calculed risk_level from data 
 2026-06-18 16:06:43,778 |INFO | risk is 30  
 2026-06-18 16:06:43,779 |INFO | Create mission with risk , data : {'title': 'string', 'description': 'string', 'location': 'string', 'difficulty': 10, 'importance': 10, 'risk_level': 'CRITICAL'} 
 2026-06-18 16:06:43,856 |INFO | Mission create succesfully , {'message': "data {'title': 'string', 'description': 'string', 'location': 'string', 'difficulty': 10, 'importance': 10, 'risk_level': 'CRITICAL'} create succesfully", 'MissionId': 9} 
 2026-06-18 16:06:43,857 |INFO | END | POST | /missions | status=201  
 2026-06-18 16:06:53,475 |INFO | START | PUT |/missions/8/assign/2  
 2026-06-18 16:06:53,476 |INFO | Try to assign mission , mission id 8 | agent_id 2 
 2026-06-18 16:06:53,593 |ERROR | Mission is not new 
 2026-06-18 16:06:53,594 |INFO | END | PUT | /missions/8/assign/2 | status=400  
 2026-06-18 16:06:59,041 |INFO | START | PUT |/missions/9/assign/2  
 2026-06-18 16:06:59,043 |INFO | Try to assign mission , mission id 9 | agent_id 2 
 2026-06-18 16:06:59,157 |ERROR | Mission CRITICAL and agent 2 not Commander 
 2026-06-18 16:06:59,158 |INFO | END | PUT | /missions/9/assign/2 | status=400  
 2026-06-18 16:07:32,741 |INFO | START | POST |/agents  
 2026-06-18 16:07:32,743 |INFO | Create new_agent : data name='string' specialty='string' is_active=True completed_missions=0 failed_missions=0 agent_rank='Commander' 
 2026-06-18 16:07:32,814 |INFO | Agent create succesfully : data {'name': 'string', 'specialty': 'string', 'is_active': True, 'completed_missions': 0, 'failed_missions': 0, 'agent_rank': 'Commander'} create succesfully 
 2026-06-18 16:07:32,815 |INFO | END | POST | /agents | status=201  
 2026-06-18 16:07:53,685 |INFO | START | GET |/agents  
 2026-06-18 16:07:53,756 |INFO | END | GET | /agents | status=200  
 2026-06-18 16:08:09,218 |INFO | START | PUT |/missions/9/assign/9  
 2026-06-18 16:08:09,219 |INFO | Try to assign mission , mission id 9 | agent_id 9 
 2026-06-18 16:08:09,331 |INFO | Verifie if agent 9 don't have more > 3 missions 
 2026-06-18 16:08:09,447 |INFO | agent 9 assigned mission 9 succesfuly 
 2026-06-18 16:08:09,448 |INFO | END | PUT | /missions/9/assign/9 | status=200  
 2026-06-18 16:08:32,187 |INFO | START | PUT |/missions/100/start  
 2026-06-18 16:08:32,188 |INFO | status = IN_PROGRESS 
 2026-06-18 16:08:32,254 |ERROR | Not found mission 100 
 2026-06-18 16:08:32,255 |INFO | END | PUT | /missions/100/start | status=404  
 2026-06-18 16:08:46,006 |INFO | START | PUT |/missions/8/start  
 2026-06-18 16:08:46,007 |INFO | status = IN_PROGRESS 
 2026-06-18 16:08:46,137 |INFO | END | PUT | /missions/8/start | status=200  
 2026-06-18 16:08:50,989 |INFO | START | PUT |/missions/2/start  
 2026-06-18 16:08:50,990 |INFO | status = IN_PROGRESS 
 2026-06-18 16:08:51,119 |INFO | END | PUT | /missions/2/start | status=200  
 2026-06-18 16:08:56,454 |INFO | START | PUT |/missions/4/start  
 2026-06-18 16:08:56,455 |INFO | status = IN_PROGRESS 
 2026-06-18 16:08:56,603 |INFO | END | PUT | /missions/4/start | status=200  
 2026-06-18 16:09:12,696 |INFO | START | POST |/missions  
 2026-06-18 16:09:12,698 |INFO | Calculed risk_level from data 
 2026-06-18 16:09:12,698 |INFO | risk is 30  
 2026-06-18 16:09:12,699 |INFO | Create mission with risk , data : {'title': 'string', 'description': 'string', 'location': 'string', 'difficulty': 10, 'importance': 10, 'risk_level': 'CRITICAL'} 
 2026-06-18 16:09:12,776 |INFO | Mission create succesfully , {'message': "data {'title': 'string', 'description': 'string', 'location': 'string', 'difficulty': 10, 'importance': 10, 'risk_level': 'CRITICAL'} create succesfully", 'MissionId': 10} 
 2026-06-18 16:09:12,777 |INFO | END | POST | /missions | status=201  
 2026-06-18 16:09:30,470 |INFO | START | PUT |/missions/10/start  
 2026-06-18 16:09:30,472 |INFO | status = IN_PROGRESS 
 2026-06-18 16:09:30,599 |INFO | END | PUT | /missions/10/start | status=200  
 2026-06-18 16:09:59,948 |INFO | START | PUT |/missions/7/start  
 2026-06-18 16:09:59,949 |INFO | status = IN_PROGRESS 
 2026-06-18 16:10:00,073 |INFO | END | PUT | /missions/7/start | status=200  
 2026-06-18 16:11:11,619 |INFO | START | PUT |/missions/7/start  
 2026-06-18 16:11:11,620 |INFO | status = IN_PROGRESS 
 2026-06-18 16:11:11,681 |ERROR | Failed  
 2026-06-18 16:11:11,682 |INFO | END | PUT | /missions/7/start | status=400  
 2026-06-18 16:11:21,518 |INFO | START | PUT |/missions/7/start  
 2026-06-18 16:11:21,520 |INFO | status = IN_PROGRESS 
 2026-06-18 16:11:21,618 |ERROR | Failed  
 2026-06-18 16:11:21,619 |INFO | END | PUT | /missions/7/start | status=400  
 2026-06-18 16:11:34,163 |INFO | START | PUT |/missions/10/complete  
 2026-06-18 16:11:34,347 |INFO | END | PUT | /missions/10/complete | status=400  
 2026-06-18 16:11:44,783 |INFO | START | PUT |/missions/2/complete  
 2026-06-18 16:11:45,059 |INFO | END | PUT | /missions/2/complete | status=200  
 2026-06-18 16:12:13,246 |INFO | START | PUT |/missions/10/assign/10  
 2026-06-18 16:12:13,247 |INFO | Try to assign mission , mission id 10 | agent_id 10 
 2026-06-18 16:12:13,355 |ERROR | agent id 10 not found 
 2026-06-18 16:12:13,356 |INFO | END | PUT | /missions/10/assign/10 | status=404  
 2026-06-18 16:12:24,891 |INFO | START | PUT |/missions/10/assign/9  
 2026-06-18 16:12:24,893 |INFO | Try to assign mission , mission id 10 | agent_id 9 
 2026-06-18 16:12:25,008 |ERROR | Mission is not new 
 2026-06-18 16:12:25,009 |INFO | END | PUT | /missions/10/assign/9 | status=400  
